CRITICAL - 2024-10-03 17:48:08 --> CodeIgniter\View\Exceptions\ViewException: Invalid file: "register.php"
[Method: GET, Route: register]
in SYSTEMPATH/Exceptions/FrameworkException.php on line 41.
 1 SYSTEMPATH/View/View.php(222): CodeIgniter\Exceptions\FrameworkException::forInvalidFile('register.php')
 2 SYSTEMPATH/Common.php(1171): CodeIgniter\View\View->render('register', [], true)
 3 APPPATH/Controllers/Users.php(9): view('register')
 4 SYSTEMPATH/CodeIgniter.php(933): App\Controllers\Users->index()
 5 SYSTEMPATH/CodeIgniter.php(509): CodeIgniter\CodeIgniter->runController(Object(App\Controllers\Users))
 6 SYSTEMPATH/CodeIgniter.php(355): CodeIgniter\CodeIgniter->handleRequest(null, Object(Config\Cache), false)
 7 SYSTEMPATH/Boot.php(325): CodeIgniter\CodeIgniter->run()
 8 SYSTEMPATH/Boot.php(67): CodeIgniter\Boot::runCodeIgniter(Object(CodeIgniter\CodeIgniter))
 9 FCPATH/index.php(56): CodeIgniter\Boot::bootWeb(Object(Config\Paths))
CRITICAL - 2024-10-03 17:57:15 --> CodeIgniter\View\Exceptions\ViewException: Invalid file: "register.php"
[Method: GET, Route: register]
in SYSTEMPATH/Exceptions/FrameworkException.php on line 41.
 1 SYSTEMPATH/View/View.php(222): CodeIgniter\Exceptions\FrameworkException::forInvalidFile('register.php')
 2 SYSTEMPATH/Common.php(1171): CodeIgniter\View\View->render('register', [], true)
 3 APPPATH/Controllers/Users.php(9): view('register')
 4 SYSTEMPATH/CodeIgniter.php(933): App\Controllers\Users->index()
 5 SYSTEMPATH/CodeIgniter.php(509): CodeIgniter\CodeIgniter->runController(Object(App\Controllers\Users))
 6 SYSTEMPATH/CodeIgniter.php(355): CodeIgniter\CodeIgniter->handleRequest(null, Object(Config\Cache), false)
 7 SYSTEMPATH/Boot.php(325): CodeIgniter\CodeIgniter->run()
 8 SYSTEMPATH/Boot.php(67): CodeIgniter\Boot::runCodeIgniter(Object(CodeIgniter\CodeIgniter))
 9 FCPATH/index.php(56): CodeIgniter\Boot::bootWeb(Object(Config\Paths))
INFO - 2024-10-03 22:32:34 --> Session: Class initialized using 'CodeIgniter\Session\Handlers\FileHandler' driver.
INFO - 2024-10-03 22:33:33 --> Session: Class initialized using 'CodeIgniter\Session\Handlers\FileHandler' driver.
CRITICAL - 2024-10-03 22:33:34 --> CodeIgniter\Exceptions\CriticalError: The required PHP extension "mysqli" is not loaded. Install and enable it to use "MySQLi" driver.
[Method: POST, Route: register]
in SYSTEMPATH/Database/Database.php on line 182.
 1 SYSTEMPATH/Database/Database.php(59): CodeIgniter\Database\Database->checkDbExtension('MySQLi')
 2 SYSTEMPATH/Database/Config.php(84): CodeIgniter\Database\Database->load([...], 'default')
 3 SYSTEMPATH/Validation/StrictRules/Rules.php(218): CodeIgniter\Database\Config::connect('default')
 4 SYSTEMPATH/Validation/Validation.php(339): CodeIgniter\Validation\StrictRules\Rules->is_unique('Admin', 'user', [...], null, 'user')
 5 SYSTEMPATH/Validation/Validation.php(204): CodeIgniter\Validation\Validation->processRules('user', 'user', 'Admin', [...], [...], 'user')
 6 SYSTEMPATH/Controller.php(137): CodeIgniter\Validation\Validation->run()
 7 APPPATH/Controllers/Users.php(20): CodeIgniter\Controller->validate([...])
 8 SYSTEMPATH/CodeIgniter.php(933): App\Controllers\Users->create()
 9 SYSTEMPATH/CodeIgniter.php(509): CodeIgniter\CodeIgniter->runController(Object(App\Controllers\Users))
10 SYSTEMPATH/CodeIgniter.php(355): CodeIgniter\CodeIgniter->handleRequest(null, Object(Config\Cache), false)
11 SYSTEMPATH/Boot.php(325): CodeIgniter\CodeIgniter->run()
12 SYSTEMPATH/Boot.php(67): CodeIgniter\Boot::runCodeIgniter(Object(CodeIgniter\CodeIgniter))
13 FCPATH/index.php(56): CodeIgniter\Boot::bootWeb(Object(Config\Paths))
INFO - 2024-10-03 22:43:24 --> Session: Class initialized using 'CodeIgniter\Session\Handlers\FileHandler' driver.
ERROR - 2024-10-03 22:43:26 --> Error connecting to the database: mysqli_sql_exception: No such file or directory in /var/www/html/embarques/system/Database/MySQLi/Connection.php:186
Stack trace:
#0 /var/www/html/embarques/system/Database/MySQLi/Connection.php(186): mysqli->real_connect('localhost', 'root', Object(SensitiveParameterValue), 'dbembarques', 3307, '', 0)
#1 /var/www/html/embarques/system/Database/BaseConnection.php(421): CodeIgniter\Database\MySQLi\Connection->connect(false)
#2 /var/www/html/embarques/system/Database/BaseConnection.php(616): CodeIgniter\Database\BaseConnection->initialize()
#3 /var/www/html/embarques/system/Database/BaseBuilder.php(1644): CodeIgniter\Database\BaseConnection->query('SELECT 1\nFROM `...', Array, false)
#4 /var/www/html/embarques/system/Validation/StrictRules/Rules.php(232): CodeIgniter\Database\BaseBuilder->get()
#5 /var/www/html/embarques/system/Validation/Validation.php(339): CodeIgniter\Validation\StrictRules\Rules->is_unique('Admin', 'user', Array, NULL, 'user')
#6 /var/www/html/embarques/system/Validation/Validation.php(204): CodeIgniter\Validation\Validation->processRules('user', 'user', 'Admin', Array, Array, 'user')
#7 /var/www/html/embarques/system/Controller.php(137): CodeIgniter\Validation\Validation->run()
#8 /var/www/html/embarques/app/Controllers/Users.php(20): CodeIgniter\Controller->validate(Array)
#9 /var/www/html/embarques/system/CodeIgniter.php(933): App\Controllers\Users->create()
#10 /var/www/html/embarques/system/CodeIgniter.php(509): CodeIgniter\CodeIgniter->runController(Object(App\Controllers\Users))
#11 /var/www/html/embarques/system/CodeIgniter.php(355): CodeIgniter\CodeIgniter->handleRequest(NULL, Object(Config\Cache), false)
#12 /var/www/html/embarques/system/Boot.php(325): CodeIgniter\CodeIgniter->run()
#13 /var/www/html/embarques/system/Boot.php(67): CodeIgniter\Boot::runCodeIgniter(Object(CodeIgniter\CodeIgniter))
#14 /var/www/html/embarques/public/index.php(56): CodeIgniter\Boot::bootWeb(Object(Config\Paths))
#15 {main}

Next CodeIgniter\Database\Exceptions\DatabaseException: No such file or directory in /var/www/html/embarques/system/Database/MySQLi/Connection.php:231
Stack trace:
#0 /var/www/html/embarques/system/Database/BaseConnection.php(421): CodeIgniter\Database\MySQLi\Connection->connect(false)
#1 /var/www/html/embarques/system/Database/BaseConnection.php(616): CodeIgniter\Database\BaseConnection->initialize()
#2 /var/www/html/embarques/system/Database/BaseBuilder.php(1644): CodeIgniter\Database\BaseConnection->query('SELECT 1\nFROM `...', Array, false)
#3 /var/www/html/embarques/system/Validation/StrictRules/Rules.php(232): CodeIgniter\Database\BaseBuilder->get()
#4 /var/www/html/embarques/system/Validation/Validation.php(339): CodeIgniter\Validation\StrictRules\Rules->is_unique('Admin', 'user', Array, NULL, 'user')
#5 /var/www/html/embarques/system/Validation/Validation.php(204): CodeIgniter\Validation\Validation->processRules('user', 'user', 'Admin', Array, Array, 'user')
#6 /var/www/html/embarques/system/Controller.php(137): CodeIgniter\Validation\Validation->run()
#7 /var/www/html/embarques/app/Controllers/Users.php(20): CodeIgniter\Controller->validate(Array)
#8 /var/www/html/embarques/system/CodeIgniter.php(933): App\Controllers\Users->create()
#9 /var/www/html/embarques/system/CodeIgniter.php(509): CodeIgniter\CodeIgniter->runController(Object(App\Controllers\Users))
#10 /var/www/html/embarques/system/CodeIgniter.php(355): CodeIgniter\CodeIgniter->handleRequest(NULL, Object(Config\Cache), false)
#11 /var/www/html/embarques/system/Boot.php(325): CodeIgniter\CodeIgniter->run()
#12 /var/www/html/embarques/system/Boot.php(67): CodeIgniter\Boot::runCodeIgniter(Object(CodeIgniter\CodeIgniter))
#13 /var/www/html/embarques/public/index.php(56): CodeIgniter\Boot::bootWeb(Object(Config\Paths))
#14 {main}
CRITICAL - 2024-10-03 22:43:26 --> CodeIgniter\Database\Exceptions\DatabaseException: Unable to connect to the database.
Main connection [MySQLi]: No such file or directory
[Method: POST, Route: register]
in SYSTEMPATH/Database/BaseConnection.php on line 467.
 1 SYSTEMPATH/Database/BaseConnection.php(616): CodeIgniter\Database\BaseConnection->initialize()
 2 SYSTEMPATH/Database/BaseBuilder.php(1644): CodeIgniter\Database\BaseConnection->query('SELECT 1
FROM `users`
WHERE `user` = :user:
 LIMIT 1', [...], false)
 3 SYSTEMPATH/Validation/StrictRules/Rules.php(232): CodeIgniter\Database\BaseBuilder->get()
 4 SYSTEMPATH/Validation/Validation.php(339): CodeIgniter\Validation\StrictRules\Rules->is_unique('Admin', 'user', [...], null, 'user')
 5 SYSTEMPATH/Validation/Validation.php(204): CodeIgniter\Validation\Validation->processRules('user', 'user', 'Admin', [...], [...], 'user')
 6 SYSTEMPATH/Controller.php(137): CodeIgniter\Validation\Validation->run()
 7 APPPATH/Controllers/Users.php(20): CodeIgniter\Controller->validate([...])
 8 SYSTEMPATH/CodeIgniter.php(933): App\Controllers\Users->create()
 9 SYSTEMPATH/CodeIgniter.php(509): CodeIgniter\CodeIgniter->runController(Object(App\Controllers\Users))
10 SYSTEMPATH/CodeIgniter.php(355): CodeIgniter\CodeIgniter->handleRequest(null, Object(Config\Cache), false)
11 SYSTEMPATH/Boot.php(325): CodeIgniter\CodeIgniter->run()
12 SYSTEMPATH/Boot.php(67): CodeIgniter\Boot::runCodeIgniter(Object(CodeIgniter\CodeIgniter))
13 FCPATH/index.php(56): CodeIgniter\Boot::bootWeb(Object(Config\Paths))
INFO - 2024-10-03 22:47:05 --> Session: Class initialized using 'CodeIgniter\Session\Handlers\FileHandler' driver.
ERROR - 2024-10-03 22:47:05 --> Error connecting to the database: mysqli_sql_exception: Connection refused in /var/www/html/embarques/system/Database/MySQLi/Connection.php:186
Stack trace:
#0 /var/www/html/embarques/system/Database/MySQLi/Connection.php(186): mysqli->real_connect('mysql', 'root', Object(SensitiveParameterValue), 'dbembarques', 3307, '', 0)
#1 /var/www/html/embarques/system/Database/BaseConnection.php(421): CodeIgniter\Database\MySQLi\Connection->connect(false)
#2 /var/www/html/embarques/system/Database/BaseConnection.php(616): CodeIgniter\Database\BaseConnection->initialize()
#3 /var/www/html/embarques/system/Database/BaseBuilder.php(1644): CodeIgniter\Database\BaseConnection->query('SELECT 1\nFROM `...', Array, false)
#4 /var/www/html/embarques/system/Validation/StrictRules/Rules.php(232): CodeIgniter\Database\BaseBuilder->get()
#5 /var/www/html/embarques/system/Validation/Validation.php(339): CodeIgniter\Validation\StrictRules\Rules->is_unique('Admin', 'user', Array, NULL, 'user')
#6 /var/www/html/embarques/system/Validation/Validation.php(204): CodeIgniter\Validation\Validation->processRules('user', 'user', 'Admin', Array, Array, 'user')
#7 /var/www/html/embarques/system/Controller.php(137): CodeIgniter\Validation\Validation->run()
#8 /var/www/html/embarques/app/Controllers/Users.php(20): CodeIgniter\Controller->validate(Array)
#9 /var/www/html/embarques/system/CodeIgniter.php(933): App\Controllers\Users->create()
#10 /var/www/html/embarques/system/CodeIgniter.php(509): CodeIgniter\CodeIgniter->runController(Object(App\Controllers\Users))
#11 /var/www/html/embarques/system/CodeIgniter.php(355): CodeIgniter\CodeIgniter->handleRequest(NULL, Object(Config\Cache), false)
#12 /var/www/html/embarques/system/Boot.php(325): CodeIgniter\CodeIgniter->run()
#13 /var/www/html/embarques/system/Boot.php(67): CodeIgniter\Boot::runCodeIgniter(Object(CodeIgniter\CodeIgniter))
#14 /var/www/html/embarques/public/index.php(56): CodeIgniter\Boot::bootWeb(Object(Config\Paths))
#15 {main}

Next CodeIgniter\Database\Exceptions\DatabaseException: Connection refused in /var/www/html/embarques/system/Database/MySQLi/Connection.php:231
Stack trace:
#0 /var/www/html/embarques/system/Database/BaseConnection.php(421): CodeIgniter\Database\MySQLi\Connection->connect(false)
#1 /var/www/html/embarques/system/Database/BaseConnection.php(616): CodeIgniter\Database\BaseConnection->initialize()
#2 /var/www/html/embarques/system/Database/BaseBuilder.php(1644): CodeIgniter\Database\BaseConnection->query('SELECT 1\nFROM `...', Array, false)
#3 /var/www/html/embarques/system/Validation/StrictRules/Rules.php(232): CodeIgniter\Database\BaseBuilder->get()
#4 /var/www/html/embarques/system/Validation/Validation.php(339): CodeIgniter\Validation\StrictRules\Rules->is_unique('Admin', 'user', Array, NULL, 'user')
#5 /var/www/html/embarques/system/Validation/Validation.php(204): CodeIgniter\Validation\Validation->processRules('user', 'user', 'Admin', Array, Array, 'user')
#6 /var/www/html/embarques/system/Controller.php(137): CodeIgniter\Validation\Validation->run()
#7 /var/www/html/embarques/app/Controllers/Users.php(20): CodeIgniter\Controller->validate(Array)
#8 /var/www/html/embarques/system/CodeIgniter.php(933): App\Controllers\Users->create()
#9 /var/www/html/embarques/system/CodeIgniter.php(509): CodeIgniter\CodeIgniter->runController(Object(App\Controllers\Users))
#10 /var/www/html/embarques/system/CodeIgniter.php(355): CodeIgniter\CodeIgniter->handleRequest(NULL, Object(Config\Cache), false)
#11 /var/www/html/embarques/system/Boot.php(325): CodeIgniter\CodeIgniter->run()
#12 /var/www/html/embarques/system/Boot.php(67): CodeIgniter\Boot::runCodeIgniter(Object(CodeIgniter\CodeIgniter))
#13 /var/www/html/embarques/public/index.php(56): CodeIgniter\Boot::bootWeb(Object(Config\Paths))
#14 {main}
CRITICAL - 2024-10-03 22:47:06 --> CodeIgniter\Database\Exceptions\DatabaseException: Unable to connect to the database.
Main connection [MySQLi]: Connection refused
[Method: POST, Route: register]
in SYSTEMPATH/Database/BaseConnection.php on line 467.
 1 SYSTEMPATH/Database/BaseConnection.php(616): CodeIgniter\Database\BaseConnection->initialize()
 2 SYSTEMPATH/Database/BaseBuilder.php(1644): CodeIgniter\Database\BaseConnection->query('SELECT 1
FROM `users`
WHERE `user` = :user:
 LIMIT 1', [...], false)
 3 SYSTEMPATH/Validation/StrictRules/Rules.php(232): CodeIgniter\Database\BaseBuilder->get()
 4 SYSTEMPATH/Validation/Validation.php(339): CodeIgniter\Validation\StrictRules\Rules->is_unique('Admin', 'user', [...], null, 'user')
 5 SYSTEMPATH/Validation/Validation.php(204): CodeIgniter\Validation\Validation->processRules('user', 'user', 'Admin', [...], [...], 'user')
 6 SYSTEMPATH/Controller.php(137): CodeIgniter\Validation\Validation->run()
 7 APPPATH/Controllers/Users.php(20): CodeIgniter\Controller->validate([...])
 8 SYSTEMPATH/CodeIgniter.php(933): App\Controllers\Users->create()
 9 SYSTEMPATH/CodeIgniter.php(509): CodeIgniter\CodeIgniter->runController(Object(App\Controllers\Users))
10 SYSTEMPATH/CodeIgniter.php(355): CodeIgniter\CodeIgniter->handleRequest(null, Object(Config\Cache), false)
11 SYSTEMPATH/Boot.php(325): CodeIgniter\CodeIgniter->run()
12 SYSTEMPATH/Boot.php(67): CodeIgniter\Boot::runCodeIgniter(Object(CodeIgniter\CodeIgniter))
13 FCPATH/index.php(56): CodeIgniter\Boot::bootWeb(Object(Config\Paths))
INFO - 2024-10-03 22:49:30 --> Session: Class initialized using 'CodeIgniter\Session\Handlers\FileHandler' driver.
ERROR - 2024-10-03 22:49:30 --> Error connecting to the database: mysqli_sql_exception: Connection refused in /var/www/html/embarques/system/Database/MySQLi/Connection.php:186
Stack trace:
#0 /var/www/html/embarques/system/Database/MySQLi/Connection.php(186): mysqli->real_connect('127.0.0.1', 'root', Object(SensitiveParameterValue), 'dbembarques', 3307, '', 0)
#1 /var/www/html/embarques/system/Database/BaseConnection.php(421): CodeIgniter\Database\MySQLi\Connection->connect(false)
#2 /var/www/html/embarques/system/Database/BaseConnection.php(616): CodeIgniter\Database\BaseConnection->initialize()
#3 /var/www/html/embarques/system/Database/BaseBuilder.php(1644): CodeIgniter\Database\BaseConnection->query('SELECT 1\nFROM `...', Array, false)
#4 /var/www/html/embarques/system/Validation/StrictRules/Rules.php(232): CodeIgniter\Database\BaseBuilder->get()
#5 /var/www/html/embarques/system/Validation/Validation.php(339): CodeIgniter\Validation\StrictRules\Rules->is_unique('Admin', 'user', Array, NULL, 'user')
#6 /var/www/html/embarques/system/Validation/Validation.php(204): CodeIgniter\Validation\Validation->processRules('user', 'user', 'Admin', Array, Array, 'user')
#7 /var/www/html/embarques/system/Controller.php(137): CodeIgniter\Validation\Validation->run()
#8 /var/www/html/embarques/app/Controllers/Users.php(20): CodeIgniter\Controller->validate(Array)
#9 /var/www/html/embarques/system/CodeIgniter.php(933): App\Controllers\Users->create()
#10 /var/www/html/embarques/system/CodeIgniter.php(509): CodeIgniter\CodeIgniter->runController(Object(App\Controllers\Users))
#11 /var/www/html/embarques/system/CodeIgniter.php(355): CodeIgniter\CodeIgniter->handleRequest(NULL, Object(Config\Cache), false)
#12 /var/www/html/embarques/system/Boot.php(325): CodeIgniter\CodeIgniter->run()
#13 /var/www/html/embarques/system/Boot.php(67): CodeIgniter\Boot::runCodeIgniter(Object(CodeIgniter\CodeIgniter))
#14 /var/www/html/embarques/public/index.php(56): CodeIgniter\Boot::bootWeb(Object(Config\Paths))
#15 {main}

Next CodeIgniter\Database\Exceptions\DatabaseException: Connection refused in /var/www/html/embarques/system/Database/MySQLi/Connection.php:231
Stack trace:
#0 /var/www/html/embarques/system/Database/BaseConnection.php(421): CodeIgniter\Database\MySQLi\Connection->connect(false)
#1 /var/www/html/embarques/system/Database/BaseConnection.php(616): CodeIgniter\Database\BaseConnection->initialize()
#2 /var/www/html/embarques/system/Database/BaseBuilder.php(1644): CodeIgniter\Database\BaseConnection->query('SELECT 1\nFROM `...', Array, false)
#3 /var/www/html/embarques/system/Validation/StrictRules/Rules.php(232): CodeIgniter\Database\BaseBuilder->get()
#4 /var/www/html/embarques/system/Validation/Validation.php(339): CodeIgniter\Validation\StrictRules\Rules->is_unique('Admin', 'user', Array, NULL, 'user')
#5 /var/www/html/embarques/system/Validation/Validation.php(204): CodeIgniter\Validation\Validation->processRules('user', 'user', 'Admin', Array, Array, 'user')
#6 /var/www/html/embarques/system/Controller.php(137): CodeIgniter\Validation\Validation->run()
#7 /var/www/html/embarques/app/Controllers/Users.php(20): CodeIgniter\Controller->validate(Array)
#8 /var/www/html/embarques/system/CodeIgniter.php(933): App\Controllers\Users->create()
#9 /var/www/html/embarques/system/CodeIgniter.php(509): CodeIgniter\CodeIgniter->runController(Object(App\Controllers\Users))
#10 /var/www/html/embarques/system/CodeIgniter.php(355): CodeIgniter\CodeIgniter->handleRequest(NULL, Object(Config\Cache), false)
#11 /var/www/html/embarques/system/Boot.php(325): CodeIgniter\CodeIgniter->run()
#12 /var/www/html/embarques/system/Boot.php(67): CodeIgniter\Boot::runCodeIgniter(Object(CodeIgniter\CodeIgniter))
#13 /var/www/html/embarques/public/index.php(56): CodeIgniter\Boot::bootWeb(Object(Config\Paths))
#14 {main}
CRITICAL - 2024-10-03 22:49:30 --> CodeIgniter\Database\Exceptions\DatabaseException: Unable to connect to the database.
Main connection [MySQLi]: Connection refused
[Method: POST, Route: register]
in SYSTEMPATH/Database/BaseConnection.php on line 467.
 1 SYSTEMPATH/Database/BaseConnection.php(616): CodeIgniter\Database\BaseConnection->initialize()
 2 SYSTEMPATH/Database/BaseBuilder.php(1644): CodeIgniter\Database\BaseConnection->query('SELECT 1
FROM `users`
WHERE `user` = :user:
 LIMIT 1', [...], false)
 3 SYSTEMPATH/Validation/StrictRules/Rules.php(232): CodeIgniter\Database\BaseBuilder->get()
 4 SYSTEMPATH/Validation/Validation.php(339): CodeIgniter\Validation\StrictRules\Rules->is_unique('Admin', 'user', [...], null, 'user')
 5 SYSTEMPATH/Validation/Validation.php(204): CodeIgniter\Validation\Validation->processRules('user', 'user', 'Admin', [...], [...], 'user')
 6 SYSTEMPATH/Controller.php(137): CodeIgniter\Validation\Validation->run()
 7 APPPATH/Controllers/Users.php(20): CodeIgniter\Controller->validate([...])
 8 SYSTEMPATH/CodeIgniter.php(933): App\Controllers\Users->create()
 9 SYSTEMPATH/CodeIgniter.php(509): CodeIgniter\CodeIgniter->runController(Object(App\Controllers\Users))
10 SYSTEMPATH/CodeIgniter.php(355): CodeIgniter\CodeIgniter->handleRequest(null, Object(Config\Cache), false)
11 SYSTEMPATH/Boot.php(325): CodeIgniter\CodeIgniter->run()
12 SYSTEMPATH/Boot.php(67): CodeIgniter\Boot::runCodeIgniter(Object(CodeIgniter\CodeIgniter))
13 FCPATH/index.php(56): CodeIgniter\Boot::bootWeb(Object(Config\Paths))
INFO - 2024-10-03 22:50:55 --> Session: Class initialized using 'CodeIgniter\Session\Handlers\FileHandler' driver.
ERROR - 2024-10-03 22:50:55 --> Error connecting to the database: mysqli_sql_exception: Connection refused in /var/www/html/embarques/system/Database/MySQLi/Connection.php:186
Stack trace:
#0 /var/www/html/embarques/system/Database/MySQLi/Connection.php(186): mysqli->real_connect('127.0.0.1', 'root', Object(SensitiveParameterValue), 'dbembarques', 3306, '', 0)
#1 /var/www/html/embarques/system/Database/BaseConnection.php(421): CodeIgniter\Database\MySQLi\Connection->connect(false)
#2 /var/www/html/embarques/system/Database/BaseConnection.php(616): CodeIgniter\Database\BaseConnection->initialize()
#3 /var/www/html/embarques/system/Database/BaseBuilder.php(1644): CodeIgniter\Database\BaseConnection->query('SELECT 1\nFROM `...', Array, false)
#4 /var/www/html/embarques/system/Validation/StrictRules/Rules.php(232): CodeIgniter\Database\BaseBuilder->get()
#5 /var/www/html/embarques/system/Validation/Validation.php(339): CodeIgniter\Validation\StrictRules\Rules->is_unique('Admin', 'user', Array, NULL, 'user')
#6 /var/www/html/embarques/system/Validation/Validation.php(204): CodeIgniter\Validation\Validation->processRules('user', 'user', 'Admin', Array, Array, 'user')
#7 /var/www/html/embarques/system/Controller.php(137): CodeIgniter\Validation\Validation->run()
#8 /var/www/html/embarques/app/Controllers/Users.php(20): CodeIgniter\Controller->validate(Array)
#9 /var/www/html/embarques/system/CodeIgniter.php(933): App\Controllers\Users->create()
#10 /var/www/html/embarques/system/CodeIgniter.php(509): CodeIgniter\CodeIgniter->runController(Object(App\Controllers\Users))
#11 /var/www/html/embarques/system/CodeIgniter.php(355): CodeIgniter\CodeIgniter->handleRequest(NULL, Object(Config\Cache), false)
#12 /var/www/html/embarques/system/Boot.php(325): CodeIgniter\CodeIgniter->run()
#13 /var/www/html/embarques/system/Boot.php(67): CodeIgniter\Boot::runCodeIgniter(Object(CodeIgniter\CodeIgniter))
#14 /var/www/html/embarques/public/index.php(56): CodeIgniter\Boot::bootWeb(Object(Config\Paths))
#15 {main}

Next CodeIgniter\Database\Exceptions\DatabaseException: Connection refused in /var/www/html/embarques/system/Database/MySQLi/Connection.php:231
Stack trace:
#0 /var/www/html/embarques/system/Database/BaseConnection.php(421): CodeIgniter\Database\MySQLi\Connection->connect(false)
#1 /var/www/html/embarques/system/Database/BaseConnection.php(616): CodeIgniter\Database\BaseConnection->initialize()
#2 /var/www/html/embarques/system/Database/BaseBuilder.php(1644): CodeIgniter\Database\BaseConnection->query('SELECT 1\nFROM `...', Array, false)
#3 /var/www/html/embarques/system/Validation/StrictRules/Rules.php(232): CodeIgniter\Database\BaseBuilder->get()
#4 /var/www/html/embarques/system/Validation/Validation.php(339): CodeIgniter\Validation\StrictRules\Rules->is_unique('Admin', 'user', Array, NULL, 'user')
#5 /var/www/html/embarques/system/Validation/Validation.php(204): CodeIgniter\Validation\Validation->processRules('user', 'user', 'Admin', Array, Array, 'user')
#6 /var/www/html/embarques/system/Controller.php(137): CodeIgniter\Validation\Validation->run()
#7 /var/www/html/embarques/app/Controllers/Users.php(20): CodeIgniter\Controller->validate(Array)
#8 /var/www/html/embarques/system/CodeIgniter.php(933): App\Controllers\Users->create()
#9 /var/www/html/embarques/system/CodeIgniter.php(509): CodeIgniter\CodeIgniter->runController(Object(App\Controllers\Users))
#10 /var/www/html/embarques/system/CodeIgniter.php(355): CodeIgniter\CodeIgniter->handleRequest(NULL, Object(Config\Cache), false)
#11 /var/www/html/embarques/system/Boot.php(325): CodeIgniter\CodeIgniter->run()
#12 /var/www/html/embarques/system/Boot.php(67): CodeIgniter\Boot::runCodeIgniter(Object(CodeIgniter\CodeIgniter))
#13 /var/www/html/embarques/public/index.php(56): CodeIgniter\Boot::bootWeb(Object(Config\Paths))
#14 {main}
CRITICAL - 2024-10-03 22:50:55 --> CodeIgniter\Database\Exceptions\DatabaseException: Unable to connect to the database.
Main connection [MySQLi]: Connection refused
[Method: POST, Route: register]
in SYSTEMPATH/Database/BaseConnection.php on line 467.
 1 SYSTEMPATH/Database/BaseConnection.php(616): CodeIgniter\Database\BaseConnection->initialize()
 2 SYSTEMPATH/Database/BaseBuilder.php(1644): CodeIgniter\Database\BaseConnection->query('SELECT 1
FROM `users`
WHERE `user` = :user:
 LIMIT 1', [...], false)
 3 SYSTEMPATH/Validation/StrictRules/Rules.php(232): CodeIgniter\Database\BaseBuilder->get()
 4 SYSTEMPATH/Validation/Validation.php(339): CodeIgniter\Validation\StrictRules\Rules->is_unique('Admin', 'user', [...], null, 'user')
 5 SYSTEMPATH/Validation/Validation.php(204): CodeIgniter\Validation\Validation->processRules('user', 'user', 'Admin', [...], [...], 'user')
 6 SYSTEMPATH/Controller.php(137): CodeIgniter\Validation\Validation->run()
 7 APPPATH/Controllers/Users.php(20): CodeIgniter\Controller->validate([...])
 8 SYSTEMPATH/CodeIgniter.php(933): App\Controllers\Users->create()
 9 SYSTEMPATH/CodeIgniter.php(509): CodeIgniter\CodeIgniter->runController(Object(App\Controllers\Users))
10 SYSTEMPATH/CodeIgniter.php(355): CodeIgniter\CodeIgniter->handleRequest(null, Object(Config\Cache), false)
11 SYSTEMPATH/Boot.php(325): CodeIgniter\CodeIgniter->run()
12 SYSTEMPATH/Boot.php(67): CodeIgniter\Boot::runCodeIgniter(Object(CodeIgniter\CodeIgniter))
13 FCPATH/index.php(56): CodeIgniter\Boot::bootWeb(Object(Config\Paths))
INFO - 2024-10-03 23:18:41 --> Session: Class initialized using 'CodeIgniter\Session\Handlers\FileHandler' driver.
INFO - 2024-10-03 23:19:31 --> Session: Class initialized using 'CodeIgniter\Session\Handlers\FileHandler' driver.
ERROR - 2024-10-03 23:19:31 --> Error connecting to the database: mysqli_sql_exception: No such file or directory in /var/www/html/embarques/system/Database/MySQLi/Connection.php:186
Stack trace:
#0 /var/www/html/embarques/system/Database/MySQLi/Connection.php(186): mysqli->real_connect('localhost', 'root', Object(SensitiveParameterValue), 'dbembarques', 3306, '', 0)
#1 /var/www/html/embarques/system/Database/BaseConnection.php(421): CodeIgniter\Database\MySQLi\Connection->connect(false)
#2 /var/www/html/embarques/system/Database/BaseConnection.php(616): CodeIgniter\Database\BaseConnection->initialize()
#3 /var/www/html/embarques/system/Database/BaseBuilder.php(1644): CodeIgniter\Database\BaseConnection->query('SELECT 1\nFROM `...', Array, false)
#4 /var/www/html/embarques/system/Validation/StrictRules/Rules.php(232): CodeIgniter\Database\BaseBuilder->get()
#5 /var/www/html/embarques/system/Validation/Validation.php(339): CodeIgniter\Validation\StrictRules\Rules->is_unique('Admin', 'user', Array, NULL, 'user')
#6 /var/www/html/embarques/system/Validation/Validation.php(204): CodeIgniter\Validation\Validation->processRules('user', 'user', 'Admin', Array, Array, 'user')
#7 /var/www/html/embarques/system/Controller.php(137): CodeIgniter\Validation\Validation->run()
#8 /var/www/html/embarques/app/Controllers/Users.php(20): CodeIgniter\Controller->validate(Array)
#9 /var/www/html/embarques/system/CodeIgniter.php(933): App\Controllers\Users->create()
#10 /var/www/html/embarques/system/CodeIgniter.php(509): CodeIgniter\CodeIgniter->runController(Object(App\Controllers\Users))
#11 /var/www/html/embarques/system/CodeIgniter.php(355): CodeIgniter\CodeIgniter->handleRequest(NULL, Object(Config\Cache), false)
#12 /var/www/html/embarques/system/Boot.php(325): CodeIgniter\CodeIgniter->run()
#13 /var/www/html/embarques/system/Boot.php(67): CodeIgniter\Boot::runCodeIgniter(Object(CodeIgniter\CodeIgniter))
#14 /var/www/html/embarques/public/index.php(56): CodeIgniter\Boot::bootWeb(Object(Config\Paths))
#15 {main}

Next CodeIgniter\Database\Exceptions\DatabaseException: No such file or directory in /var/www/html/embarques/system/Database/MySQLi/Connection.php:231
Stack trace:
#0 /var/www/html/embarques/system/Database/BaseConnection.php(421): CodeIgniter\Database\MySQLi\Connection->connect(false)
#1 /var/www/html/embarques/system/Database/BaseConnection.php(616): CodeIgniter\Database\BaseConnection->initialize()
#2 /var/www/html/embarques/system/Database/BaseBuilder.php(1644): CodeIgniter\Database\BaseConnection->query('SELECT 1\nFROM `...', Array, false)
#3 /var/www/html/embarques/system/Validation/StrictRules/Rules.php(232): CodeIgniter\Database\BaseBuilder->get()
#4 /var/www/html/embarques/system/Validation/Validation.php(339): CodeIgniter\Validation\StrictRules\Rules->is_unique('Admin', 'user', Array, NULL, 'user')
#5 /var/www/html/embarques/system/Validation/Validation.php(204): CodeIgniter\Validation\Validation->processRules('user', 'user', 'Admin', Array, Array, 'user')
#6 /var/www/html/embarques/system/Controller.php(137): CodeIgniter\Validation\Validation->run()
#7 /var/www/html/embarques/app/Controllers/Users.php(20): CodeIgniter\Controller->validate(Array)
#8 /var/www/html/embarques/system/CodeIgniter.php(933): App\Controllers\Users->create()
#9 /var/www/html/embarques/system/CodeIgniter.php(509): CodeIgniter\CodeIgniter->runController(Object(App\Controllers\Users))
#10 /var/www/html/embarques/system/CodeIgniter.php(355): CodeIgniter\CodeIgniter->handleRequest(NULL, Object(Config\Cache), false)
#11 /var/www/html/embarques/system/Boot.php(325): CodeIgniter\CodeIgniter->run()
#12 /var/www/html/embarques/system/Boot.php(67): CodeIgniter\Boot::runCodeIgniter(Object(CodeIgniter\CodeIgniter))
#13 /var/www/html/embarques/public/index.php(56): CodeIgniter\Boot::bootWeb(Object(Config\Paths))
#14 {main}
CRITICAL - 2024-10-03 23:19:31 --> CodeIgniter\Database\Exceptions\DatabaseException: Unable to connect to the database.
Main connection [MySQLi]: No such file or directory
[Method: POST, Route: register]
in SYSTEMPATH/Database/BaseConnection.php on line 467.
 1 SYSTEMPATH/Database/BaseConnection.php(616): CodeIgniter\Database\BaseConnection->initialize()
 2 SYSTEMPATH/Database/BaseBuilder.php(1644): CodeIgniter\Database\BaseConnection->query('SELECT 1
FROM `users`
WHERE `user` = :user:
 LIMIT 1', [...], false)
 3 SYSTEMPATH/Validation/StrictRules/Rules.php(232): CodeIgniter\Database\BaseBuilder->get()
 4 SYSTEMPATH/Validation/Validation.php(339): CodeIgniter\Validation\StrictRules\Rules->is_unique('Admin', 'user', [...], null, 'user')
 5 SYSTEMPATH/Validation/Validation.php(204): CodeIgniter\Validation\Validation->processRules('user', 'user', 'Admin', [...], [...], 'user')
 6 SYSTEMPATH/Controller.php(137): CodeIgniter\Validation\Validation->run()
 7 APPPATH/Controllers/Users.php(20): CodeIgniter\Controller->validate([...])
 8 SYSTEMPATH/CodeIgniter.php(933): App\Controllers\Users->create()
 9 SYSTEMPATH/CodeIgniter.php(509): CodeIgniter\CodeIgniter->runController(Object(App\Controllers\Users))
10 SYSTEMPATH/CodeIgniter.php(355): CodeIgniter\CodeIgniter->handleRequest(null, Object(Config\Cache), false)
11 SYSTEMPATH/Boot.php(325): CodeIgniter\CodeIgniter->run()
12 SYSTEMPATH/Boot.php(67): CodeIgniter\Boot::runCodeIgniter(Object(CodeIgniter\CodeIgniter))
13 FCPATH/index.php(56): CodeIgniter\Boot::bootWeb(Object(Config\Paths))
INFO - 2024-10-03 23:26:26 --> Session: Class initialized using 'CodeIgniter\Session\Handlers\FileHandler' driver.
ERROR - 2024-10-03 23:26:26 --> Error connecting to the database: mysqli_sql_exception: No such file or directory in /var/www/html/embarques/system/Database/MySQLi/Connection.php:186
Stack trace:
#0 /var/www/html/embarques/system/Database/MySQLi/Connection.php(186): mysqli->real_connect('localhost', 'root', Object(SensitiveParameterValue), 'dbembarques', 3306, '', 0)
#1 /var/www/html/embarques/system/Database/BaseConnection.php(421): CodeIgniter\Database\MySQLi\Connection->connect(false)
#2 /var/www/html/embarques/system/Database/BaseConnection.php(616): CodeIgniter\Database\BaseConnection->initialize()
#3 /var/www/html/embarques/system/Database/BaseBuilder.php(1644): CodeIgniter\Database\BaseConnection->query('SELECT 1\nFROM `...', Array, false)
#4 /var/www/html/embarques/system/Validation/StrictRules/Rules.php(232): CodeIgniter\Database\BaseBuilder->get()
#5 /var/www/html/embarques/system/Validation/Validation.php(339): CodeIgniter\Validation\StrictRules\Rules->is_unique('Admin', 'user', Array, NULL, 'user')
#6 /var/www/html/embarques/system/Validation/Validation.php(204): CodeIgniter\Validation\Validation->processRules('user', 'user', 'Admin', Array, Array, 'user')
#7 /var/www/html/embarques/system/Controller.php(137): CodeIgniter\Validation\Validation->run()
#8 /var/www/html/embarques/app/Controllers/Users.php(20): CodeIgniter\Controller->validate(Array)
#9 /var/www/html/embarques/system/CodeIgniter.php(933): App\Controllers\Users->create()
#10 /var/www/html/embarques/system/CodeIgniter.php(509): CodeIgniter\CodeIgniter->runController(Object(App\Controllers\Users))
#11 /var/www/html/embarques/system/CodeIgniter.php(355): CodeIgniter\CodeIgniter->handleRequest(NULL, Object(Config\Cache), false)
#12 /var/www/html/embarques/system/Boot.php(325): CodeIgniter\CodeIgniter->run()
#13 /var/www/html/embarques/system/Boot.php(67): CodeIgniter\Boot::runCodeIgniter(Object(CodeIgniter\CodeIgniter))
#14 /var/www/html/embarques/public/index.php(56): CodeIgniter\Boot::bootWeb(Object(Config\Paths))
#15 {main}

Next CodeIgniter\Database\Exceptions\DatabaseException: No such file or directory in /var/www/html/embarques/system/Database/MySQLi/Connection.php:231
Stack trace:
#0 /var/www/html/embarques/system/Database/BaseConnection.php(421): CodeIgniter\Database\MySQLi\Connection->connect(false)
#1 /var/www/html/embarques/system/Database/BaseConnection.php(616): CodeIgniter\Database\BaseConnection->initialize()
#2 /var/www/html/embarques/system/Database/BaseBuilder.php(1644): CodeIgniter\Database\BaseConnection->query('SELECT 1\nFROM `...', Array, false)
#3 /var/www/html/embarques/system/Validation/StrictRules/Rules.php(232): CodeIgniter\Database\BaseBuilder->get()
#4 /var/www/html/embarques/system/Validation/Validation.php(339): CodeIgniter\Validation\StrictRules\Rules->is_unique('Admin', 'user', Array, NULL, 'user')
#5 /var/www/html/embarques/system/Validation/Validation.php(204): CodeIgniter\Validation\Validation->processRules('user', 'user', 'Admin', Array, Array, 'user')
#6 /var/www/html/embarques/system/Controller.php(137): CodeIgniter\Validation\Validation->run()
#7 /var/www/html/embarques/app/Controllers/Users.php(20): CodeIgniter\Controller->validate(Array)
#8 /var/www/html/embarques/system/CodeIgniter.php(933): App\Controllers\Users->create()
#9 /var/www/html/embarques/system/CodeIgniter.php(509): CodeIgniter\CodeIgniter->runController(Object(App\Controllers\Users))
#10 /var/www/html/embarques/system/CodeIgniter.php(355): CodeIgniter\CodeIgniter->handleRequest(NULL, Object(Config\Cache), false)
#11 /var/www/html/embarques/system/Boot.php(325): CodeIgniter\CodeIgniter->run()
#12 /var/www/html/embarques/system/Boot.php(67): CodeIgniter\Boot::runCodeIgniter(Object(CodeIgniter\CodeIgniter))
#13 /var/www/html/embarques/public/index.php(56): CodeIgniter\Boot::bootWeb(Object(Config\Paths))
#14 {main}
CRITICAL - 2024-10-03 23:26:26 --> CodeIgniter\Database\Exceptions\DatabaseException: Unable to connect to the database.
Main connection [MySQLi]: No such file or directory
[Method: POST, Route: register]
in SYSTEMPATH/Database/BaseConnection.php on line 467.
 1 SYSTEMPATH/Database/BaseConnection.php(616): CodeIgniter\Database\BaseConnection->initialize()
 2 SYSTEMPATH/Database/BaseBuilder.php(1644): CodeIgniter\Database\BaseConnection->query('SELECT 1
FROM `users`
WHERE `user` = :user:
 LIMIT 1', [...], false)
 3 SYSTEMPATH/Validation/StrictRules/Rules.php(232): CodeIgniter\Database\BaseBuilder->get()
 4 SYSTEMPATH/Validation/Validation.php(339): CodeIgniter\Validation\StrictRules\Rules->is_unique('Admin', 'user', [...], null, 'user')
 5 SYSTEMPATH/Validation/Validation.php(204): CodeIgniter\Validation\Validation->processRules('user', 'user', 'Admin', [...], [...], 'user')
 6 SYSTEMPATH/Controller.php(137): CodeIgniter\Validation\Validation->run()
 7 APPPATH/Controllers/Users.php(20): CodeIgniter\Controller->validate([...])
 8 SYSTEMPATH/CodeIgniter.php(933): App\Controllers\Users->create()
 9 SYSTEMPATH/CodeIgniter.php(509): CodeIgniter\CodeIgniter->runController(Object(App\Controllers\Users))
10 SYSTEMPATH/CodeIgniter.php(355): CodeIgniter\CodeIgniter->handleRequest(null, Object(Config\Cache), false)
11 SYSTEMPATH/Boot.php(325): CodeIgniter\CodeIgniter->run()
12 SYSTEMPATH/Boot.php(67): CodeIgniter\Boot::runCodeIgniter(Object(CodeIgniter\CodeIgniter))
13 FCPATH/index.php(56): CodeIgniter\Boot::bootWeb(Object(Config\Paths))
INFO - 2024-10-03 23:28:13 --> Session: Class initialized using 'CodeIgniter\Session\Handlers\FileHandler' driver.
ERROR - 2024-10-03 23:28:14 --> mysqli_sql_exception: Table 'dbembarques.users' doesn't exist in /var/www/html/embarques/system/Database/MySQLi/Connection.php:312
Stack trace:
#0 /var/www/html/embarques/system/Database/MySQLi/Connection.php(312): mysqli->query('SELECT 1\nFROM `...', 0)
#1 /var/www/html/embarques/system/Database/BaseConnection.php(734): CodeIgniter\Database\MySQLi\Connection->execute('SELECT 1\nFROM `...')
#2 /var/www/html/embarques/system/Database/BaseConnection.php(648): CodeIgniter\Database\BaseConnection->simpleQuery('SELECT 1\nFROM `...')
#3 /var/www/html/embarques/system/Database/BaseBuilder.php(1644): CodeIgniter\Database\BaseConnection->query('SELECT 1\nFROM `...', Array, false)
#4 /var/www/html/embarques/system/Validation/StrictRules/Rules.php(232): CodeIgniter\Database\BaseBuilder->get()
#5 /var/www/html/embarques/system/Validation/Validation.php(339): CodeIgniter\Validation\StrictRules\Rules->is_unique('Admin', 'user', Array, NULL, 'user')
#6 /var/www/html/embarques/system/Validation/Validation.php(204): CodeIgniter\Validation\Validation->processRules('user', 'user', 'Admin', Array, Array, 'user')
#7 /var/www/html/embarques/system/Controller.php(137): CodeIgniter\Validation\Validation->run()
#8 /var/www/html/embarques/app/Controllers/Users.php(20): CodeIgniter\Controller->validate(Array)
#9 /var/www/html/embarques/system/CodeIgniter.php(933): App\Controllers\Users->create()
#10 /var/www/html/embarques/system/CodeIgniter.php(509): CodeIgniter\CodeIgniter->runController(Object(App\Controllers\Users))
#11 /var/www/html/embarques/system/CodeIgniter.php(355): CodeIgniter\CodeIgniter->handleRequest(NULL, Object(Config\Cache), false)
#12 /var/www/html/embarques/system/Boot.php(325): CodeIgniter\CodeIgniter->run()
#13 /var/www/html/embarques/system/Boot.php(67): CodeIgniter\Boot::runCodeIgniter(Object(CodeIgniter\CodeIgniter))
#14 /var/www/html/embarques/public/index.php(56): CodeIgniter\Boot::bootWeb(Object(Config\Paths))
#15 {main}
CRITICAL - 2024-10-03 23:28:14 --> CodeIgniter\Database\Exceptions\DatabaseException: Table 'dbembarques.users' doesn't exist
[Method: POST, Route: register]
in SYSTEMPATH/Database/BaseConnection.php on line 688.
 1 SYSTEMPATH/Database/BaseBuilder.php(1644): CodeIgniter\Database\BaseConnection->query('SELECT 1
FROM `users`
WHERE `user` = :user:
 LIMIT 1', [...], false)
 2 SYSTEMPATH/Validation/StrictRules/Rules.php(232): CodeIgniter\Database\BaseBuilder->get()
 3 SYSTEMPATH/Validation/Validation.php(339): CodeIgniter\Validation\StrictRules\Rules->is_unique('Admin', 'user', [...], null, 'user')
 4 SYSTEMPATH/Validation/Validation.php(204): CodeIgniter\Validation\Validation->processRules('user', 'user', 'Admin', [...], [...], 'user')
 5 SYSTEMPATH/Controller.php(137): CodeIgniter\Validation\Validation->run()
 6 APPPATH/Controllers/Users.php(20): CodeIgniter\Controller->validate([...])
 7 SYSTEMPATH/CodeIgniter.php(933): App\Controllers\Users->create()
 8 SYSTEMPATH/CodeIgniter.php(509): CodeIgniter\CodeIgniter->runController(Object(App\Controllers\Users))
 9 SYSTEMPATH/CodeIgniter.php(355): CodeIgniter\CodeIgniter->handleRequest(null, Object(Config\Cache), false)
10 SYSTEMPATH/Boot.php(325): CodeIgniter\CodeIgniter->run()
11 SYSTEMPATH/Boot.php(67): CodeIgniter\Boot::runCodeIgniter(Object(CodeIgniter\CodeIgniter))
12 FCPATH/index.php(56): CodeIgniter\Boot::bootWeb(Object(Config\Paths))
CRITICAL - 2024-10-03 23:28:14 --> [Caused by] CodeIgniter\Database\Exceptions\DatabaseException: Table 'dbembarques.users' doesn't exist
in SYSTEMPATH/Database/MySQLi/Connection.php on line 317.
 1 SYSTEMPATH/Database/BaseConnection.php(734): CodeIgniter\Database\MySQLi\Connection->execute('SELECT 1
FROM `users`
WHERE `user` = \'Admin\'
 LIMIT 1')
 2 SYSTEMPATH/Database/BaseConnection.php(648): CodeIgniter\Database\BaseConnection->simpleQuery('SELECT 1
FROM `users`
WHERE `user` = \'Admin\'
 LIMIT 1')
 3 SYSTEMPATH/Database/BaseBuilder.php(1644): CodeIgniter\Database\BaseConnection->query('SELECT 1
FROM `users`
WHERE `user` = :user:
 LIMIT 1', [...], false)
 4 SYSTEMPATH/Validation/StrictRules/Rules.php(232): CodeIgniter\Database\BaseBuilder->get()
 5 SYSTEMPATH/Validation/Validation.php(339): CodeIgniter\Validation\StrictRules\Rules->is_unique('Admin', 'user', [...], null, 'user')
 6 SYSTEMPATH/Validation/Validation.php(204): CodeIgniter\Validation\Validation->processRules('user', 'user', 'Admin', [...], [...], 'user')
 7 SYSTEMPATH/Controller.php(137): CodeIgniter\Validation\Validation->run()
 8 APPPATH/Controllers/Users.php(20): CodeIgniter\Controller->validate([...])
 9 SYSTEMPATH/CodeIgniter.php(933): App\Controllers\Users->create()
10 SYSTEMPATH/CodeIgniter.php(509): CodeIgniter\CodeIgniter->runController(Object(App\Controllers\Users))
11 SYSTEMPATH/CodeIgniter.php(355): CodeIgniter\CodeIgniter->handleRequest(null, Object(Config\Cache), false)
12 SYSTEMPATH/Boot.php(325): CodeIgniter\CodeIgniter->run()
13 SYSTEMPATH/Boot.php(67): CodeIgniter\Boot::runCodeIgniter(Object(CodeIgniter\CodeIgniter))
14 FCPATH/index.php(56): CodeIgniter\Boot::bootWeb(Object(Config\Paths))
CRITICAL - 2024-10-03 23:28:14 --> [Caused by] mysqli_sql_exception: Table 'dbembarques.users' doesn't exist
in SYSTEMPATH/Database/MySQLi/Connection.php on line 312.
 1 SYSTEMPATH/Database/MySQLi/Connection.php(312): mysqli->query('SELECT 1
FROM `users`
WHERE `user` = \'Admin\'
 LIMIT 1', 0)
 2 SYSTEMPATH/Database/BaseConnection.php(734): CodeIgniter\Database\MySQLi\Connection->execute('SELECT 1
FROM `users`
WHERE `user` = \'Admin\'
 LIMIT 1')
 3 SYSTEMPATH/Database/BaseConnection.php(648): CodeIgniter\Database\BaseConnection->simpleQuery('SELECT 1
FROM `users`
WHERE `user` = \'Admin\'
 LIMIT 1')
 4 SYSTEMPATH/Database/BaseBuilder.php(1644): CodeIgniter\Database\BaseConnection->query('SELECT 1
FROM `users`
WHERE `user` = :user:
 LIMIT 1', [...], false)
 5 SYSTEMPATH/Validation/StrictRules/Rules.php(232): CodeIgniter\Database\BaseBuilder->get()
 6 SYSTEMPATH/Validation/Validation.php(339): CodeIgniter\Validation\StrictRules\Rules->is_unique('Admin', 'user', [...], null, 'user')
 7 SYSTEMPATH/Validation/Validation.php(204): CodeIgniter\Validation\Validation->processRules('user', 'user', 'Admin', [...], [...], 'user')
 8 SYSTEMPATH/Controller.php(137): CodeIgniter\Validation\Validation->run()
 9 APPPATH/Controllers/Users.php(20): CodeIgniter\Controller->validate([...])
10 SYSTEMPATH/CodeIgniter.php(933): App\Controllers\Users->create()
11 SYSTEMPATH/CodeIgniter.php(509): CodeIgniter\CodeIgniter->runController(Object(App\Controllers\Users))
12 SYSTEMPATH/CodeIgniter.php(355): CodeIgniter\CodeIgniter->handleRequest(null, Object(Config\Cache), false)
13 SYSTEMPATH/Boot.php(325): CodeIgniter\CodeIgniter->run()
14 SYSTEMPATH/Boot.php(67): CodeIgniter\Boot::runCodeIgniter(Object(CodeIgniter\CodeIgniter))
15 FCPATH/index.php(56): CodeIgniter\Boot::bootWeb(Object(Config\Paths))
INFO - 2024-10-03 23:38:25 --> Session: Class initialized using 'CodeIgniter\Session\Handlers\FileHandler' driver.
CRITICAL - 2024-10-03 23:38:26 --> CodeIgniter\Validation\Exceptions\ValidationException: "validate_email" is not a valid rule.
[Method: POST, Route: register]
in SYSTEMPATH/Validation/Validation.php on line 348.
 1 SYSTEMPATH/Validation/Validation.php(348): CodeIgniter\Validation\Exceptions\ValidationException::forRuleNotFound('validate_email')
 2 SYSTEMPATH/Validation/Validation.php(204): CodeIgniter\Validation\Validation->processRules('email', 'email', 'erodriguez@grupomar.com', [...], [...], 'email')
 3 SYSTEMPATH/Controller.php(137): CodeIgniter\Validation\Validation->run()
 4 APPPATH/Controllers/Users.php(20): CodeIgniter\Controller->validate([...])
 5 SYSTEMPATH/CodeIgniter.php(933): App\Controllers\Users->create()
 6 SYSTEMPATH/CodeIgniter.php(509): CodeIgniter\CodeIgniter->runController(Object(App\Controllers\Users))
 7 SYSTEMPATH/CodeIgniter.php(355): CodeIgniter\CodeIgniter->handleRequest(null, Object(Config\Cache), false)
 8 SYSTEMPATH/Boot.php(325): CodeIgniter\CodeIgniter->run()
 9 SYSTEMPATH/Boot.php(67): CodeIgniter\Boot::runCodeIgniter(Object(CodeIgniter\CodeIgniter))
10 FCPATH/index.php(56): CodeIgniter\Boot::bootWeb(Object(Config\Paths))
INFO - 2024-10-03 23:53:11 --> Session: Class initialized using 'CodeIgniter\Session\Handlers\FileHandler' driver.
INFO - 2024-10-03 23:53:13 --> Session: Class initialized using 'CodeIgniter\Session\Handlers\FileHandler' driver.
INFO - 2024-10-03 23:54:20 --> Session: Class initialized using 'CodeIgniter\Session\Handlers\FileHandler' driver.
INFO - 2024-10-03 23:54:21 --> Session: Class initialized using 'CodeIgniter\Session\Handlers\FileHandler' driver.
